{"C:\\Work\\minxing-vue-mobile-seed\\src\\App.vue": {"path":"C:\\Work\\minxing-vue-mobile-seed\\src\\App.vue","statementMap":{"0":{"start":{"line":1,"column":1},"end":{"line":160,"column":4}},"1":{"start":{"line":4,"column":0},"end":{"line":6,"column":3}},"2":{"start":{"line":8,"column":11},"end":{"line":8,"column":25}},"3":{"start":{"line":10,"column":13},"end":{"line":10,"column":40}},"4":{"start":{"line":38,"column":0},"end":{"line":159,"column":2}},"5":{"start":{"line":49,"column":8},"end":{"line":56,"column":10}},"6":{"start":{"line":61,"column":24},"end":{"line":61,"column":28}},"7":{"start":{"line":63,"column":12},"end":{"line":63,"column":42}},"8":{"start":{"line":64,"column":12},"end":{"line":66,"column":20}},"9":{"start":{"line":65,"column":16},"end":{"line":65,"column":42}},"10":{"start":{"line":69,"column":25},"end":{"line":69,"column":29}},"11":{"start":{"line":71,"column":12},"end":{"line":71,"column":42}},"12":{"start":{"line":72,"column":12},"end":{"line":74,"column":20}},"13":{"start":{"line":73,"column":16},"end":{"line":73,"column":48}},"14":{"start":{"line":77,"column":12},"end":{"line":77,"column":41}},"15":{"start":{"line":80,"column":28},"end":{"line":80,"column":61}},"16":{"start":{"line":81,"column":12},"end":{"line":83,"column":15}},"17":{"start":{"line":86,"column":12},"end":{"line":88,"column":15}},"18":{"start":{"line":91,"column":12},"end":{"line":91,"column":45}},"19":{"start":{"line":92,"column":12},"end":{"line":92,"column":40}},"20":{"start":{"line":93,"column":12},"end":{"line":93,"column":42}},"21":{"start":{"line":98,"column":21},"end":{"line":98,"column":25}},"22":{"start":{"line":99,"column":23},"end":{"line":99,"column":39}},"23":{"start":{"line":100,"column":12},"end":{"line":120,"column":13}},"24":{"start":{"line":102,"column":20},"end":{"line":102,"column":36}},"25":{"start":{"line":103,"column":20},"end":{"line":103,"column":47}},"26":{"start":{"line":104,"column":20},"end":{"line":104,"column":26}},"27":{"start":{"line":106,"column":20},"end":{"line":106,"column":36}},"28":{"start":{"line":107,"column":20},"end":{"line":107,"column":47}},"29":{"start":{"line":108,"column":20},"end":{"line":108,"column":26}},"30":{"start":{"line":110,"column":20},"end":{"line":110,"column":36}},"31":{"start":{"line":111,"column":20},"end":{"line":111,"column":46}},"32":{"start":{"line":112,"column":20},"end":{"line":112,"column":26}},"33":{"start":{"line":114,"column":20},"end":{"line":114,"column":36}},"34":{"start":{"line":115,"column":20},"end":{"line":115,"column":46}},"35":{"start":{"line":116,"column":20},"end":{"line":116,"column":26}},"36":{"start":{"line":118,"column":20},"end":{"line":118,"column":34}},"37":{"start":{"line":119,"column":20},"end":{"line":119,"column":46}},"38":{"start":{"line":123,"column":21},"end":{"line":123,"column":25}},"39":{"start":{"line":124,"column":23},"end":{"line":124,"column":39}},"40":{"start":{"line":125,"column":12},"end":{"line":131,"column":13}},"41":{"start":{"line":127,"column":20},"end":{"line":127,"column":47}},"42":{"start":{"line":128,"column":20},"end":{"line":128,"column":26}},"43":{"start":{"line":130,"column":20},"end":{"line":130,"column":46}},"44":{"start":{"line":138,"column":25},"end":{"line":138,"column":29}},"45":{"start":{"line":140,"column":12},"end":{"line":156,"column":13}},"46":{"start":{"line":141,"column":16},"end":{"line":153,"column":19}},"47":{"start":{"line":142,"column":20},"end":{"line":147,"column":21}},"48":{"start":{"line":143,"column":40},"end":{"line":143,"column":74}},"49":{"start":{"line":144,"column":24},"end":{"line":144,"column":65}},"50":{"start":{"line":146,"column":24},"end":{"line":146,"column":47}},"51":{"start":{"line":148,"column":20},"end":{"line":148,"column":70}},"52":{"start":{"line":149,"column":20},"end":{"line":152,"column":21}},"53":{"start":{"line":150,"column":24},"end":{"line":150,"column":88}},"54":{"start":{"line":151,"column":24},"end":{"line":151,"column":85}},"55":{"start":{"line":155,"column":16},"end":{"line":155,"column":88}},"56":{"start":{"line":161,"column":0},"end":{"line":161,"column":70}},"57":{"start":{"line":161,"column":31},"end":{"line":161,"column":70}},"58":{"start":{"line":162,"column":24},"end":{"line":162,"column":100}},"59":{"start":{"line":163,"column":0},"end":{"line":163,"column":1710}},"60":{"start":{"line":163,"column":54},"end":{"line":163,"column":58}},"61":{"start":{"line":163,"column":66},"end":{"line":163,"column":84}},"62":{"start":{"line":163,"column":92},"end":{"line":163,"column":108}},"63":{"start":{"line":163,"column":109},"end":{"line":163,"column":1709}},"64":{"start":{"line":163,"column":375},"end":{"line":163,"column":402}},"65":{"start":{"line":163,"column":613},"end":{"line":163,"column":641}},"66":{"start":{"line":163,"column":844},"end":{"line":163,"column":860}},"67":{"start":{"line":163,"column":1090},"end":{"line":163,"column":1111}},"68":{"start":{"line":163,"column":1265},"end":{"line":163,"column":1283}},"69":{"start":{"line":164,"column":0},"end":{"line":164,"column":37}}},"fnMap":{"0":{"name":"(anonymous_0)","decl":{"start":{"line":1,"column":2},"end":{"line":1,"column":3}},"loc":{"start":{"line":1,"column":12},"end":{"line":160,"column":1}},"line":1},"1":{"name":"data","decl":{"start":{"line":48,"column":19},"end":{"line":48,"column":23}},"loc":{"start":{"line":48,"column":26},"end":{"line":57,"column":5}},"line":48},"2":{"name":"onShowModeChange","decl":{"start":{"line":60,"column":35},"end":{"line":60,"column":51}},"loc":{"start":{"line":60,"column":57},"end":{"line":67,"column":9}},"line":60},"3":{"name":"(anonymous_3)","decl":{"start":{"line":64,"column":23},"end":{"line":64,"column":24}},"loc":{"start":{"line":64,"column":35},"end":{"line":66,"column":13}},"line":64},"4":{"name":"onPlacementChange","decl":{"start":{"line":68,"column":36},"end":{"line":68,"column":53}},"loc":{"start":{"line":68,"column":59},"end":{"line":75,"column":9}},"line":68},"5":{"name":"(anonymous_5)","decl":{"start":{"line":72,"column":23},"end":{"line":72,"column":24}},"loc":{"start":{"line":72,"column":35},"end":{"line":74,"column":13}},"line":72},"6":{"name":"onShowMenuClick","decl":{"start":{"line":76,"column":34},"end":{"line":76,"column":49}},"loc":{"start":{"line":76,"column":52},"end":{"line":78,"column":9}},"line":76},"7":{"name":"handler","decl":{"start":{"line":79,"column":26},"end":{"line":79,"column":33}},"loc":{"start":{"line":79,"column":36},"end":{"line":84,"column":9}},"line":79},"8":{"name":"scrollTopInit","decl":{"start":{"line":85,"column":32},"end":{"line":85,"column":45}},"loc":{"start":{"line":85,"column":48},"end":{"line":89,"column":9}},"line":85},"9":{"name":"logOut","decl":{"start":{"line":90,"column":25},"end":{"line":90,"column":31}},"loc":{"start":{"line":90,"column":34},"end":{"line":94,"column":9}},"line":90},"10":{"name":"leftOptions","decl":{"start":{"line":97,"column":30},"end":{"line":97,"column":41}},"loc":{"start":{"line":97,"column":44},"end":{"line":121,"column":9}},"line":97},"11":{"name":"rightOptions","decl":{"start":{"line":122,"column":31},"end":{"line":122,"column":43}},"loc":{"start":{"line":122,"column":46},"end":{"line":132,"column":9}},"line":122},"12":{"name":"mounted","decl":{"start":{"line":134,"column":22},"end":{"line":134,"column":29}},"loc":{"start":{"line":134,"column":32},"end":{"line":134,"column":34}},"line":134},"13":{"name":"$route","decl":{"start":{"line":137,"column":27},"end":{"line":137,"column":33}},"loc":{"start":{"line":137,"column":44},"end":{"line":157,"column":9}},"line":137},"14":{"name":"(anonymous_14)","decl":{"start":{"line":141,"column":27},"end":{"line":141,"column":28}},"loc":{"start":{"line":141,"column":39},"end":{"line":153,"column":17}},"line":141},"15":{"name":"render","decl":{"start":{"line":163,"column":35},"end":{"line":163,"column":41}},"loc":{"start":{"line":163,"column":45},"end":{"line":163,"column":1710}},"line":163},"16":{"name":"(anonymous_16)","decl":{"start":{"line":163,"column":358},"end":{"line":163,"column":359}},"loc":{"start":{"line":163,"column":374},"end":{"line":163,"column":403}},"line":163},"17":{"name":"(anonymous_17)","decl":{"start":{"line":163,"column":596},"end":{"line":163,"column":597}},"loc":{"start":{"line":163,"column":612},"end":{"line":163,"column":642}},"line":163},"18":{"name":"(anonymous_18)","decl":{"start":{"line":163,"column":828},"end":{"line":163,"column":829}},"loc":{"start":{"line":163,"column":843},"end":{"line":163,"column":861}},"line":163},"19":{"name":"(anonymous_19)","decl":{"start":{"line":163,"column":1074},"end":{"line":163,"column":1075}},"loc":{"start":{"line":163,"column":1089},"end":{"line":163,"column":1112}},"line":163},"20":{"name":"(anonymous_20)","decl":{"start":{"line":163,"column":1248},"end":{"line":163,"column":1249}},"loc":{"start":{"line":163,"column":1264},"end":{"line":163,"column":1284}},"line":163}},"branchMap":{"0":{"loc":{"start":{"line":100,"column":12},"end":{"line":120,"column":13}},"type":"switch","locations":[{"start":{"line":101,"column":16},"end":{"line":104,"column":26}},{"start":{"line":105,"column":16},"end":{"line":108,"column":26}},{"start":{"line":109,"column":16},"end":{"line":112,"column":26}},{"start":{"line":113,"column":16},"end":{"line":116,"column":26}},{"start":{"line":117,"column":16},"end":{"line":119,"column":46}}],"line":100},"1":{"loc":{"start":{"line":125,"column":12},"end":{"line":131,"column":13}},"type":"switch","locations":[{"start":{"line":126,"column":16},"end":{"line":128,"column":26}},{"start":{"line":129,"column":16},"end":{"line":130,"column":46}}],"line":125},"2":{"loc":{"start":{"line":140,"column":12},"end":{"line":156,"column":13}},"type":"if","locations":[{"start":{"line":140,"column":12},"end":{"line":156,"column":13}},{"start":{"line":140,"column":12},"end":{"line":156,"column":13}}],"line":140},"3":{"loc":{"start":{"line":142,"column":20},"end":{"line":147,"column":21}},"type":"if","locations":[{"start":{"line":142,"column":20},"end":{"line":147,"column":21}},{"start":{"line":142,"column":20},"end":{"line":147,"column":21}}],"line":142},"4":{"loc":{"start":{"line":149,"column":20},"end":{"line":152,"column":21}},"type":"if","locations":[{"start":{"line":149,"column":20},"end":{"line":152,"column":21}},{"start":{"line":149,"column":20},"end":{"line":152,"column":21}}],"line":149},"5":{"loc":{"start":{"line":155,"column":16},"end":{"line":155,"column":87}},"type":"binary-expr","locations":[{"start":{"line":155,"column":16},"end":{"line":155,"column":24}},{"start":{"line":155,"column":28},"end":{"line":155,"column":87}}],"line":155},"6":{"loc":{"start":{"line":161,"column":0},"end":{"line":161,"column":70}},"type":"if","locations":[{"start":{"line":161,"column":0},"end":{"line":161,"column":70}},{"start":{"line":161,"column":0},"end":{"line":161,"column":70}}],"line":161},"7":{"loc":{"start":{"line":162,"column":24},"end":{"line":162,"column":100}},"type":"cond-expr","locations":[{"start":{"line":162,"column":62},"end":{"line":162,"column":84}},{"start":{"line":162,"column":86},"end":{"line":162,"column":100}}],"line":162},"8":{"loc":{"start":{"line":163,"column":92},"end":{"line":163,"column":108}},"type":"binary-expr","locations":[{"start":{"line":163,"column":92},"end":{"line":163,"column":104}},{"start":{"line":163,"column":106},"end":{"line":163,"column":108}}],"line":163}},"s":{"0":0,"1":0,"2":0,"3":0,"4":0,"5":0,"6":0,"7":0,"8":0,"9":0,"10":0,"11":0,"12":0,"13":0,"14":0,"15":0,"16":0,"17":0,"18":0,"19":0,"20":0,"21":0,"22":0,"23":0,"24":0,"25":0,"26":0,"27":0,"28":0,"29":0,"30":0,"31":0,"32":0,"33":0,"34":0,"35":0,"36":0,"37":0,"38":0,"39":0,"40":0,"41":0,"42":0,"43":0,"44":0,"45":0,"46":0,"47":0,"48":0,"49":0,"50":0,"51":0,"52":0,"53":0,"54":0,"55":0,"56":0,"57":0,"58":0,"59":0,"60":0,"61":0,"62":0,"63":0,"64":0,"65":0,"66":0,"67":0,"68":0,"69":0},"f":{"0":0,"1":0,"2":0,"3":0,"4":0,"5":0,"6":0,"7":0,"8":0,"9":0,"10":0,"11":0,"12":0,"13":0,"14":0,"15":0,"16":0,"17":0,"18":0,"19":0,"20":0},"b":{"0":[0,0,0,0,0],"1":[0,0],"2":[0,0],"3":[0,0],"4":[0,0],"5":[0,0],"6":[0,0],"7":[0,0],"8":[0,0]}}
,"C:\\Work\\minxing-vue-mobile-seed\\src\\components\\Detail.vue": {"path":"C:\\Work\\minxing-vue-mobile-seed\\src\\components\\Detail.vue","statementMap":{"0":{"start":{"line":1,"column":1},"end":{"line":52,"column":4}},"1":{"start":{"line":4,"column":0},"end":{"line":6,"column":3}},"2":{"start":{"line":8,"column":11},"end":{"line":8,"column":25}},"3":{"start":{"line":10,"column":12},"end":{"line":10,"column":27}},"4":{"start":{"line":23,"column":0},"end":{"line":51,"column":2}},"5":{"start":{"line":33,"column":8},"end":{"line":33,"column":18}},"6":{"start":{"line":38,"column":12},"end":{"line":38,"column":49}},"7":{"start":{"line":42,"column":17},"end":{"line":42,"column":21}},"8":{"start":{"line":43,"column":17},"end":{"line":43,"column":36}},"9":{"start":{"line":44,"column":8},"end":{"line":46,"column":11}},"10":{"start":{"line":47,"column":8},"end":{"line":49,"column":11}},"11":{"start":{"line":48,"column":12},"end":{"line":48,"column":35}},"12":{"start":{"line":53,"column":0},"end":{"line":53,"column":70}},"13":{"start":{"line":53,"column":31},"end":{"line":53,"column":70}},"14":{"start":{"line":54,"column":24},"end":{"line":54,"column":100}},"15":{"start":{"line":55,"column":0},"end":{"line":55,"column":593}},"16":{"start":{"line":55,"column":54},"end":{"line":55,"column":58}},"17":{"start":{"line":55,"column":66},"end":{"line":55,"column":84}},"18":{"start":{"line":55,"column":92},"end":{"line":55,"column":108}},"19":{"start":{"line":55,"column":109},"end":{"line":55,"column":592}},"20":{"start":{"line":56,"column":0},"end":{"line":56,"column":37}}},"fnMap":{"0":{"name":"(anonymous_0)","decl":{"start":{"line":1,"column":2},"end":{"line":1,"column":3}},"loc":{"start":{"line":1,"column":12},"end":{"line":52,"column":1}},"line":1},"1":{"name":"data","decl":{"start":{"line":32,"column":19},"end":{"line":32,"column":23}},"loc":{"start":{"line":32,"column":26},"end":{"line":34,"column":5}},"line":32},"2":{"name":"detail","decl":{"start":{"line":37,"column":25},"end":{"line":37,"column":31}},"loc":{"start":{"line":37,"column":34},"end":{"line":39,"column":9}},"line":37},"3":{"name":"created","decl":{"start":{"line":41,"column":22},"end":{"line":41,"column":29}},"loc":{"start":{"line":41,"column":32},"end":{"line":50,"column":5}},"line":41},"4":{"name":"(anonymous_4)","decl":{"start":{"line":47,"column":59},"end":{"line":47,"column":60}},"loc":{"start":{"line":47,"column":71},"end":{"line":49,"column":9}},"line":47},"5":{"name":"render","decl":{"start":{"line":55,"column":35},"end":{"line":55,"column":41}},"loc":{"start":{"line":55,"column":45},"end":{"line":55,"column":593}},"line":55}},"branchMap":{"0":{"loc":{"start":{"line":53,"column":0},"end":{"line":53,"column":70}},"type":"if","locations":[{"start":{"line":53,"column":0},"end":{"line":53,"column":70}},{"start":{"line":53,"column":0},"end":{"line":53,"column":70}}],"line":53},"1":{"loc":{"start":{"line":54,"column":24},"end":{"line":54,"column":100}},"type":"cond-expr","locations":[{"start":{"line":54,"column":62},"end":{"line":54,"column":84}},{"start":{"line":54,"column":86},"end":{"line":54,"column":100}}],"line":54},"2":{"loc":{"start":{"line":55,"column":92},"end":{"line":55,"column":108}},"type":"binary-expr","locations":[{"start":{"line":55,"column":92},"end":{"line":55,"column":104}},{"start":{"line":55,"column":106},"end":{"line":55,"column":108}}],"line":55},"3":{"loc":{"start":{"line":55,"column":126},"end":{"line":55,"column":590}},"type":"cond-expr","locations":[{"start":{"line":55,"column":139},"end":{"line":55,"column":581}},{"start":{"line":55,"column":582},"end":{"line":55,"column":590}}],"line":55},"4":{"loc":{"start":{"line":55,"column":359},"end":{"line":55,"column":505}},"type":"cond-expr","locations":[{"start":{"line":55,"column":385},"end":{"line":55,"column":496}},{"start":{"line":55,"column":497},"end":{"line":55,"column":505}}],"line":55}},"s":{"0":0,"1":0,"2":0,"3":0,"4":0,"5":0,"6":0,"7":0,"8":0,"9":0,"10":0,"11":0,"12":0,"13":0,"14":0,"15":0,"16":0,"17":0,"18":0,"19":0,"20":0},"f":{"0":0,"1":0,"2":0,"3":0,"4":0,"5":0},"b":{"0":[0,0],"1":[0,0],"2":[0,0],"3":[0,0],"4":[0,0]}}
,"C:\\Work\\minxing-vue-mobile-seed\\src\\components\\List.vue": {"path":"C:\\Work\\minxing-vue-mobile-seed\\src\\components\\List.vue","statementMap":{"0":{"start":{"line":1,"column":1},"end":{"line":93,"column":4}},"1":{"start":{"line":4,"column":0},"end":{"line":6,"column":3}},"2":{"start":{"line":8,"column":16},"end":{"line":8,"column":56}},"3":{"start":{"line":10,"column":16},"end":{"line":10,"column":49}},"4":{"start":{"line":12,"column":11},"end":{"line":12,"column":25}},"5":{"start":{"line":14,"column":13},"end":{"line":14,"column":41}},"6":{"start":{"line":16,"column":12},"end":{"line":16,"column":43}},"7":{"start":{"line":18,"column":12},"end":{"line":18,"column":27}},"8":{"start":{"line":20,"column":40},"end":{"line":20,"column":267}},"9":{"start":{"line":20,"column":69},"end":{"line":20,"column":80}},"10":{"start":{"line":20,"column":103},"end":{"line":20,"column":105}},"11":{"start":{"line":20,"column":107},"end":{"line":20,"column":228}},"12":{"start":{"line":20,"column":126},"end":{"line":20,"column":226}},"13":{"start":{"line":20,"column":149},"end":{"line":20,"column":224}},"14":{"start":{"line":20,"column":201},"end":{"line":20,"column":224}},"15":{"start":{"line":20,"column":229},"end":{"line":20,"column":250}},"16":{"start":{"line":20,"column":251},"end":{"line":20,"column":265}},"17":{"start":{"line":22,"column":39},"end":{"line":22,"column":93}},"18":{"start":{"line":24,"column":0},"end":{"line":85,"column":2}},"19":{"start":{"line":30,"column":17},"end":{"line":30,"column":21}},"20":{"start":{"line":31,"column":8},"end":{"line":34,"column":10}},"21":{"start":{"line":39,"column":21},"end":{"line":39,"column":25}},"22":{"start":{"line":40,"column":12},"end":{"line":40,"column":47}},"23":{"start":{"line":43,"column":21},"end":{"line":43,"column":25}},"24":{"start":{"line":44,"column":12},"end":{"line":49,"column":13}},"25":{"start":{"line":45,"column":16},"end":{"line":45,"column":38}},"26":{"start":{"line":46,"column":16},"end":{"line":48,"column":19}},"27":{"start":{"line":47,"column":20},"end":{"line":47,"column":43}},"28":{"start":{"line":57,"column":21},"end":{"line":57,"column":25}},"29":{"start":{"line":58,"column":12},"end":{"line":73,"column":13}},"30":{"start":{"line":60,"column":20},"end":{"line":60,"column":34}},"31":{"start":{"line":61,"column":20},"end":{"line":61,"column":26}},"32":{"start":{"line":63,"column":20},"end":{"line":63,"column":34}},"33":{"start":{"line":64,"column":20},"end":{"line":64,"column":26}},"34":{"start":{"line":66,"column":20},"end":{"line":66,"column":34}},"35":{"start":{"line":67,"column":20},"end":{"line":67,"column":26}},"36":{"start":{"line":69,"column":20},"end":{"line":69,"column":37}},"37":{"start":{"line":70,"column":20},"end":{"line":70,"column":26}},"38":{"start":{"line":72,"column":20},"end":{"line":72,"column":34}},"39":{"start":{"line":76,"column":12},"end":{"line":78,"column":13}},"40":{"start":{"line":77,"column":16},"end":{"line":77,"column":30}},"41":{"start":{"line":79,"column":12},"end":{"line":79,"column":71}},"42":{"start":{"line":83,"column":17},"end":{"line":83,"column":21}},"43":{"start":{"line":94,"column":0},"end":{"line":94,"column":70}},"44":{"start":{"line":94,"column":31},"end":{"line":94,"column":70}},"45":{"start":{"line":95,"column":24},"end":{"line":95,"column":100}},"46":{"start":{"line":96,"column":0},"end":{"line":96,"column":366}},"47":{"start":{"line":96,"column":54},"end":{"line":96,"column":58}},"48":{"start":{"line":96,"column":66},"end":{"line":96,"column":84}},"49":{"start":{"line":96,"column":92},"end":{"line":96,"column":108}},"50":{"start":{"line":96,"column":109},"end":{"line":96,"column":365}},"51":{"start":{"line":97,"column":0},"end":{"line":97,"column":37}}},"fnMap":{"0":{"name":"(anonymous_0)","decl":{"start":{"line":1,"column":2},"end":{"line":1,"column":3}},"loc":{"start":{"line":1,"column":12},"end":{"line":93,"column":1}},"line":1},"1":{"name":"_interopRequireWildcard","decl":{"start":{"line":20,"column":9},"end":{"line":20,"column":32}},"loc":{"start":{"line":20,"column":38},"end":{"line":20,"column":269}},"line":20},"2":{"name":"_interopRequireDefault","decl":{"start":{"line":22,"column":9},"end":{"line":22,"column":31}},"loc":{"start":{"line":22,"column":37},"end":{"line":22,"column":95}},"line":22},"3":{"name":"data","decl":{"start":{"line":29,"column":19},"end":{"line":29,"column":23}},"loc":{"start":{"line":29,"column":26},"end":{"line":35,"column":5}},"line":29},"4":{"name":"checkDetail","decl":{"start":{"line":38,"column":30},"end":{"line":38,"column":41}},"loc":{"start":{"line":38,"column":48},"end":{"line":41,"column":9}},"line":38},"5":{"name":"loadMore","decl":{"start":{"line":42,"column":27},"end":{"line":42,"column":35}},"loc":{"start":{"line":42,"column":38},"end":{"line":50,"column":9}},"line":42},"6":{"name":"(anonymous_6)","decl":{"start":{"line":46,"column":55},"end":{"line":46,"column":56}},"loc":{"start":{"line":46,"column":70},"end":{"line":48,"column":17}},"line":46},"7":{"name":"titile","decl":{"start":{"line":56,"column":25},"end":{"line":56,"column":31}},"loc":{"start":{"line":56,"column":34},"end":{"line":74,"column":9}},"line":56},"8":{"name":"tip","decl":{"start":{"line":75,"column":22},"end":{"line":75,"column":25}},"loc":{"start":{"line":75,"column":28},"end":{"line":80,"column":9}},"line":75},"9":{"name":"created","decl":{"start":{"line":82,"column":22},"end":{"line":82,"column":29}},"loc":{"start":{"line":82,"column":32},"end":{"line":84,"column":5}},"line":82},"10":{"name":"render","decl":{"start":{"line":96,"column":35},"end":{"line":96,"column":41}},"loc":{"start":{"line":96,"column":45},"end":{"line":96,"column":366}},"line":96}},"branchMap":{"0":{"loc":{"start":{"line":20,"column":40},"end":{"line":20,"column":267}},"type":"if","locations":[{"start":{"line":20,"column":40},"end":{"line":20,"column":267}},{"start":{"line":20,"column":40},"end":{"line":20,"column":267}}],"line":20},"1":{"loc":{"start":{"line":20,"column":44},"end":{"line":20,"column":65}},"type":"binary-expr","locations":[{"start":{"line":20,"column":44},"end":{"line":20,"column":47}},{"start":{"line":20,"column":51},"end":{"line":20,"column":65}}],"line":20},"2":{"loc":{"start":{"line":20,"column":107},"end":{"line":20,"column":228}},"type":"if","locations":[{"start":{"line":20,"column":107},"end":{"line":20,"column":228}},{"start":{"line":20,"column":107},"end":{"line":20,"column":228}}],"line":20},"3":{"loc":{"start":{"line":20,"column":149},"end":{"line":20,"column":224}},"type":"if","locations":[{"start":{"line":20,"column":149},"end":{"line":20,"column":224}},{"start":{"line":20,"column":149},"end":{"line":20,"column":224}}],"line":20},"4":{"loc":{"start":{"line":22,"column":46},"end":{"line":22,"column":92}},"type":"cond-expr","locations":[{"start":{"line":22,"column":70},"end":{"line":22,"column":73}},{"start":{"line":22,"column":76},"end":{"line":22,"column":92}}],"line":22},"5":{"loc":{"start":{"line":22,"column":46},"end":{"line":22,"column":67}},"type":"binary-expr","locations":[{"start":{"line":22,"column":46},"end":{"line":22,"column":49}},{"start":{"line":22,"column":53},"end":{"line":22,"column":67}}],"line":22},"6":{"loc":{"start":{"line":44,"column":12},"end":{"line":49,"column":13}},"type":"if","locations":[{"start":{"line":44,"column":12},"end":{"line":49,"column":13}},{"start":{"line":44,"column":12},"end":{"line":49,"column":13}}],"line":44},"7":{"loc":{"start":{"line":44,"column":16},"end":{"line":44,"column":63}},"type":"binary-expr","locations":[{"start":{"line":44,"column":16},"end":{"line":44,"column":31}},{"start":{"line":44,"column":35},"end":{"line":44,"column":63}}],"line":44},"8":{"loc":{"start":{"line":58,"column":12},"end":{"line":73,"column":13}},"type":"switch","locations":[{"start":{"line":59,"column":16},"end":{"line":61,"column":26}},{"start":{"line":62,"column":16},"end":{"line":64,"column":26}},{"start":{"line":65,"column":16},"end":{"line":67,"column":26}},{"start":{"line":68,"column":16},"end":{"line":70,"column":26}},{"start":{"line":71,"column":16},"end":{"line":72,"column":34}}],"line":58},"9":{"loc":{"start":{"line":76,"column":12},"end":{"line":78,"column":13}},"type":"if","locations":[{"start":{"line":76,"column":12},"end":{"line":78,"column":13}},{"start":{"line":76,"column":12},"end":{"line":78,"column":13}}],"line":76},"10":{"loc":{"start":{"line":79,"column":19},"end":{"line":79,"column":70}},"type":"cond-expr","locations":[{"start":{"line":79,"column":49},"end":{"line":79,"column":57}},{"start":{"line":79,"column":60},"end":{"line":79,"column":70}}],"line":79},"11":{"loc":{"start":{"line":94,"column":0},"end":{"line":94,"column":70}},"type":"if","locations":[{"start":{"line":94,"column":0},"end":{"line":94,"column":70}},{"start":{"line":94,"column":0},"end":{"line":94,"column":70}}],"line":94},"12":{"loc":{"start":{"line":95,"column":24},"end":{"line":95,"column":100}},"type":"cond-expr","locations":[{"start":{"line":95,"column":62},"end":{"line":95,"column":84}},{"start":{"line":95,"column":86},"end":{"line":95,"column":100}}],"line":95},"13":{"loc":{"start":{"line":96,"column":92},"end":{"line":96,"column":108}},"type":"binary-expr","locations":[{"start":{"line":96,"column":92},"end":{"line":96,"column":104}},{"start":{"line":96,"column":106},"end":{"line":96,"column":108}}],"line":96}},"s":{"0":0,"1":0,"2":0,"3":0,"4":0,"5":0,"6":0,"7":0,"8":0,"9":0,"10":0,"11":0,"12":0,"13":0,"14":0,"15":0,"16":0,"17":0,"18":0,"19":0,"20":0,"21":0,"22":0,"23":0,"24":0,"25":0,"26":0,"27":0,"28":0,"29":0,"30":0,"31":0,"32":0,"33":0,"34":0,"35":0,"36":0,"37":0,"38":0,"39":0,"40":0,"41":0,"42":0,"43":0,"44":0,"45":0,"46":0,"47":0,"48":0,"49":0,"50":0,"51":0},"f":{"0":0,"1":0,"2":0,"3":0,"4":0,"5":0,"6":0,"7":0,"8":0,"9":0,"10":0},"b":{"0":[0,0],"1":[0,0],"2":[0,0],"3":[0,0],"4":[0,0],"5":[0,0],"6":[0,0],"7":[0,0],"8":[0,0,0,0,0],"9":[0,0],"10":[0,0],"11":[0,0],"12":[0,0],"13":[0,0]}}
,"C:\\Work\\minxing-vue-mobile-seed\\src\\components\\Query.vue": {"path":"C:\\Work\\minxing-vue-mobile-seed\\src\\components\\Query.vue","statementMap":{"0":{"start":{"line":1,"column":1},"end":{"line":54,"column":4}},"1":{"start":{"line":4,"column":0},"end":{"line":6,"column":3}},"2":{"start":{"line":8,"column":11},"end":{"line":8,"column":25}},"3":{"start":{"line":10,"column":0},"end":{"line":45,"column":2}},"4":{"start":{"line":17,"column":8},"end":{"line":33,"column":10}},"5":{"start":{"line":38,"column":21},"end":{"line":38,"column":25}},"6":{"start":{"line":39,"column":12},"end":{"line":41,"column":15}},"7":{"start":{"line":42,"column":12},"end":{"line":42,"column":36}},"8":{"start":{"line":55,"column":0},"end":{"line":55,"column":70}},"9":{"start":{"line":55,"column":31},"end":{"line":55,"column":70}},"10":{"start":{"line":56,"column":24},"end":{"line":56,"column":100}},"11":{"start":{"line":57,"column":0},"end":{"line":57,"column":561}},"12":{"start":{"line":57,"column":54},"end":{"line":57,"column":58}},"13":{"start":{"line":57,"column":66},"end":{"line":57,"column":84}},"14":{"start":{"line":57,"column":92},"end":{"line":57,"column":108}},"15":{"start":{"line":57,"column":109},"end":{"line":57,"column":560}},"16":{"start":{"line":57,"column":337},"end":{"line":57,"column":351}},"17":{"start":{"line":57,"column":535},"end":{"line":57,"column":552}},"18":{"start":{"line":58,"column":0},"end":{"line":58,"column":37}}},"fnMap":{"0":{"name":"(anonymous_0)","decl":{"start":{"line":1,"column":2},"end":{"line":1,"column":3}},"loc":{"start":{"line":1,"column":12},"end":{"line":54,"column":1}},"line":1},"1":{"name":"data","decl":{"start":{"line":16,"column":19},"end":{"line":16,"column":23}},"loc":{"start":{"line":16,"column":26},"end":{"line":34,"column":5}},"line":16},"2":{"name":"query","decl":{"start":{"line":37,"column":24},"end":{"line":37,"column":29}},"loc":{"start":{"line":37,"column":32},"end":{"line":43,"column":9}},"line":37},"3":{"name":"render","decl":{"start":{"line":57,"column":35},"end":{"line":57,"column":41}},"loc":{"start":{"line":57,"column":45},"end":{"line":57,"column":561}},"line":57},"4":{"name":"(anonymous_4)","decl":{"start":{"line":57,"column":321},"end":{"line":57,"column":322}},"loc":{"start":{"line":57,"column":336},"end":{"line":57,"column":352}},"line":57},"5":{"name":"(anonymous_5)","decl":{"start":{"line":57,"column":518},"end":{"line":57,"column":519}},"loc":{"start":{"line":57,"column":534},"end":{"line":57,"column":553}},"line":57}},"branchMap":{"0":{"loc":{"start":{"line":55,"column":0},"end":{"line":55,"column":70}},"type":"if","locations":[{"start":{"line":55,"column":0},"end":{"line":55,"column":70}},{"start":{"line":55,"column":0},"end":{"line":55,"column":70}}],"line":55},"1":{"loc":{"start":{"line":56,"column":24},"end":{"line":56,"column":100}},"type":"cond-expr","locations":[{"start":{"line":56,"column":62},"end":{"line":56,"column":84}},{"start":{"line":56,"column":86},"end":{"line":56,"column":100}}],"line":56},"2":{"loc":{"start":{"line":57,"column":92},"end":{"line":57,"column":108}},"type":"binary-expr","locations":[{"start":{"line":57,"column":92},"end":{"line":57,"column":104}},{"start":{"line":57,"column":106},"end":{"line":57,"column":108}}],"line":57}},"s":{"0":0,"1":0,"2":0,"3":0,"4":0,"5":0,"6":0,"7":0,"8":0,"9":0,"10":0,"11":0,"12":0,"13":0,"14":0,"15":0,"16":0,"17":0,"18":0},"f":{"0":0,"1":0,"2":0,"3":0,"4":0,"5":0},"b":{"0":[0,0],"1":[0,0],"2":[0,0]}}
,"C:\\Work\\minxing-vue-mobile-seed\\src\\config\\index.js": {"path":"C:\\Work\\minxing-vue-mobile-seed\\src\\config\\index.js","statementMap":{"0":{"start":{"line":1,"column":13},"end":{"line":1,"column":75}},"1":{"start":{"line":1,"column":89},"end":{"line":1,"column":126}}},"fnMap":{},"branchMap":{},"s":{"0":0,"1":0},"f":{},"b":{}}
,"C:\\Work\\minxing-vue-mobile-seed\\src\\http\\index.js": {"path":"C:\\Work\\minxing-vue-mobile-seed\\src\\http\\index.js","statementMap":{"0":{"start":{"line":1,"column":13},"end":{"line":1,"column":75}},"1":{"start":{"line":1,"column":86},"end":{"line":1,"column":100}},"2":{"start":{"line":1,"column":113},"end":{"line":1,"column":141}},"3":{"start":{"line":2,"column":13},"end":{"line":2,"column":29}},"4":{"start":{"line":2,"column":44},"end":{"line":2,"column":74}},"5":{"start":{"line":3,"column":14},"end":{"line":3,"column":34}},"6":{"start":{"line":4,"column":13},"end":{"line":4,"column":32}},"7":{"start":{"line":4,"column":47},"end":{"line":4,"column":77}},"8":{"start":{"line":4,"column":116},"end":{"line":4,"column":170}},"9":{"start":{"line":6,"column":20},"end":{"line":8,"column":17}},"10":{"start":{"line":41,"column":0},"end":{"line":42,"column":14}}},"fnMap":{"0":{"name":"_interopRequireDefault","decl":{"start":{"line":4,"column":87},"end":{"line":4,"column":109}},"loc":{"start":{"line":4,"column":115},"end":{"line":4,"column":171}},"line":4}},"branchMap":{"0":{"loc":{"start":{"line":4,"column":123},"end":{"line":4,"column":169}},"type":"cond-expr","locations":[{"start":{"line":4,"column":147},"end":{"line":4,"column":150}},{"start":{"line":4,"column":153},"end":{"line":4,"column":169}}],"line":4},"1":{"loc":{"start":{"line":4,"column":123},"end":{"line":4,"column":144}},"type":"binary-expr","locations":[{"start":{"line":4,"column":123},"end":{"line":4,"column":126}},{"start":{"line":4,"column":130},"end":{"line":4,"column":144}}],"line":4}},"s":{"0":0,"1":0,"2":0,"3":0,"4":0,"5":0,"6":0,"7":0,"8":0,"9":0,"10":0},"f":{"0":0},"b":{"0":[0,0],"1":[0,0]}}
,"C:\\Work\\minxing-vue-mobile-seed\\src\\http\\list.js": {"path":"C:\\Work\\minxing-vue-mobile-seed\\src\\http\\list.js","statementMap":{"0":{"start":{"line":1,"column":13},"end":{"line":1,"column":75}},"1":{"start":{"line":1,"column":90},"end":{"line":1,"column":130}},"2":{"start":{"line":1,"column":147},"end":{"line":1,"column":179}},"3":{"start":{"line":1,"column":203},"end":{"line":1,"column":250}},"4":{"start":{"line":1,"column":274},"end":{"line":1,"column":314}},"5":{"start":{"line":1,"column":331},"end":{"line":1,"column":371}},"6":{"start":{"line":1,"column":388},"end":{"line":1,"column":421}},"7":{"start":{"line":1,"column":422},"end":{"line":7,"column":18}},"8":{"start":{"line":7,"column":18},"end":{"line":35,"column":22}},"9":{"start":{"line":35,"column":36},"end":{"line":35,"column":56}},"10":{"start":{"line":35,"column":70},"end":{"line":35,"column":88}},"11":{"start":{"line":35,"column":103},"end":{"line":35,"column":133}},"12":{"start":{"line":35,"column":147},"end":{"line":35,"column":166}},"13":{"start":{"line":35,"column":181},"end":{"line":35,"column":211}},"14":{"start":{"line":35,"column":250},"end":{"line":35,"column":304}},"15":{"start":{"line":35,"column":338},"end":{"line":35,"column":345}},"16":{"start":{"line":35,"column":353},"end":{"line":35,"column":362}},"17":{"start":{"line":35,"column":371},"end":{"line":35,"column":381}},"18":{"start":{"line":35,"column":389},"end":{"line":35,"column":398}},"19":{"start":{"line":35,"column":409},"end":{"line":35,"column":419}},"20":{"start":{"line":35,"column":433},"end":{"line":35,"column":487}},"21":{"start":{"line":35,"column":503},"end":{"line":35,"column":546}},"22":{"start":{"line":35,"column":547},"end":{"line":35,"column":1058}},"23":{"start":{"line":35,"column":633},"end":{"line":35,"column":643}},"24":{"start":{"line":35,"column":644},"end":{"line":35,"column":1055}},"25":{"start":{"line":35,"column":677},"end":{"line":35,"column":1052}},"26":{"start":{"line":35,"column":722},"end":{"line":35,"column":905}},"27":{"start":{"line":35,"column":750},"end":{"line":35,"column":904}},"28":{"start":{"line":35,"column":905},"end":{"line":35,"column":1001}},"29":{"start":{"line":35,"column":1096},"end":{"line":35,"column":1104}},"30":{"start":{"line":36,"column":11},"end":{"line":36,"column":21}},"31":{"start":{"line":37,"column":14},"end":{"line":37,"column":24}},"32":{"start":{"line":38,"column":1},"end":{"line":50,"column":4}},"33":{"start":{"line":39,"column":2},"end":{"line":49,"column":11}},"34":{"start":{"line":40,"column":3},"end":{"line":48,"column":6}},"35":{"start":{"line":41,"column":37},"end":{"line":41,"column":47}},"36":{"start":{"line":42,"column":4},"end":{"line":47,"column":12}},"37":{"start":{"line":43,"column":5},"end":{"line":45,"column":28}}},"fnMap":{"0":{"name":"_interopRequireDefault","decl":{"start":{"line":35,"column":221},"end":{"line":35,"column":243}},"loc":{"start":{"line":35,"column":249},"end":{"line":35,"column":305}},"line":35},"1":{"name":"getList","decl":{"start":{"line":35,"column":314},"end":{"line":35,"column":321}},"loc":{"start":{"line":35,"column":328},"end":{"line":35,"column":1059}},"line":35},"2":{"name":"(anonymous_2)","decl":{"start":{"line":35,"column":604},"end":{"line":35,"column":605}},"loc":{"start":{"line":35,"column":621},"end":{"line":35,"column":1056}},"line":35},"3":{"name":"(anonymous_3)","decl":{"start":{"line":35,"column":660},"end":{"line":35,"column":661}},"loc":{"start":{"line":35,"column":676},"end":{"line":35,"column":1053}},"line":35},"4":{"name":"(anonymous_4)","decl":{"start":{"line":35,"column":701},"end":{"line":35,"column":702}},"loc":{"start":{"line":35,"column":721},"end":{"line":35,"column":1002}},"line":35},"5":{"name":"getDetail","decl":{"start":{"line":35,"column":1069},"end":{"line":35,"column":1078}},"loc":{"start":{"line":35,"column":1086},"end":{"line":60,"column":1}},"line":35},"6":{"name":"(anonymous_6)","decl":{"start":{"line":38,"column":30},"end":{"line":38,"column":31}},"loc":{"start":{"line":38,"column":57},"end":{"line":50,"column":2}},"line":38},"7":{"name":"(anonymous_7)","decl":{"start":{"line":39,"column":13},"end":{"line":39,"column":14}},"loc":{"start":{"line":39,"column":25},"end":{"line":49,"column":3}},"line":39},"8":{"name":"(anonymous_8)","decl":{"start":{"line":41,"column":8},"end":{"line":41,"column":9}},"loc":{"start":{"line":41,"column":25},"end":{"line":48,"column":4}},"line":41},"9":{"name":"(anonymous_9)","decl":{"start":{"line":42,"column":32},"end":{"line":42,"column":33}},"loc":{"start":{"line":42,"column":52},"end":{"line":47,"column":5}},"line":42}},"branchMap":{"0":{"loc":{"start":{"line":35,"column":257},"end":{"line":35,"column":303}},"type":"cond-expr","locations":[{"start":{"line":35,"column":281},"end":{"line":35,"column":284}},{"start":{"line":35,"column":287},"end":{"line":35,"column":303}}],"line":35},"1":{"loc":{"start":{"line":35,"column":257},"end":{"line":35,"column":278}},"type":"binary-expr","locations":[{"start":{"line":35,"column":257},"end":{"line":35,"column":260}},{"start":{"line":35,"column":264},"end":{"line":35,"column":278}}],"line":35},"2":{"loc":{"start":{"line":35,"column":722},"end":{"line":35,"column":905}},"type":"if","locations":[{"start":{"line":35,"column":722},"end":{"line":35,"column":905}},{"start":{"line":35,"column":722},"end":{"line":35,"column":905}}],"line":35}},"s":{"0":0,"1":0,"2":0,"3":0,"4":0,"5":0,"6":0,"7":0,"8":0,"9":0,"10":0,"11":0,"12":0,"13":0,"14":0,"15":0,"16":0,"17":0,"18":0,"19":0,"20":0,"21":0,"22":0,"23":0,"24":0,"25":0,"26":0,"27":0,"28":0,"29":0,"30":0,"31":0,"32":0,"33":0,"34":0,"35":0,"36":0,"37":0},"f":{"0":0,"1":0,"2":0,"3":0,"4":0,"5":0,"6":0,"7":0,"8":0,"9":0},"b":{"0":[0,0],"1":[0,0],"2":[0,0]}}
,"C:\\Work\\minxing-vue-mobile-seed\\src\\http\\login.js": {"path":"C:\\Work\\minxing-vue-mobile-seed\\src\\http\\login.js","statementMap":{"0":{"start":{"line":1,"column":13},"end":{"line":1,"column":75}},"1":{"start":{"line":1,"column":90},"end":{"line":1,"column":130}},"2":{"start":{"line":1,"column":147},"end":{"line":1,"column":179}},"3":{"start":{"line":1,"column":180},"end":{"line":5,"column":14}},"4":{"start":{"line":5,"column":28},"end":{"line":5,"column":48}},"5":{"start":{"line":5,"column":62},"end":{"line":5,"column":80}},"6":{"start":{"line":5,"column":95},"end":{"line":5,"column":125}},"7":{"start":{"line":5,"column":139},"end":{"line":5,"column":158}},"8":{"start":{"line":5,"column":173},"end":{"line":5,"column":203}},"9":{"start":{"line":5,"column":242},"end":{"line":5,"column":296}},"10":{"start":{"line":5,"column":328},"end":{"line":5,"column":335}},"11":{"start":{"line":5,"column":347},"end":{"line":5,"column":360}},"12":{"start":{"line":6,"column":14},"end":{"line":6,"column":33}},"13":{"start":{"line":7,"column":4},"end":{"line":7,"column":35}},"14":{"start":{"line":8,"column":4},"end":{"line":31,"column":7}},"15":{"start":{"line":9,"column":8},"end":{"line":30,"column":70}},"16":{"start":{"line":10,"column":42},"end":{"line":10,"column":52}},"17":{"start":{"line":11,"column":23},"end":{"line":11,"column":30}},"18":{"start":{"line":12,"column":12},"end":{"line":15,"column":13}},"19":{"start":{"line":13,"column":16},"end":{"line":13,"column":45}},"20":{"start":{"line":14,"column":16},"end":{"line":14,"column":23}},"21":{"start":{"line":16,"column":12},"end":{"line":28,"column":13}},"22":{"start":{"line":17,"column":16},"end":{"line":20,"column":39}},"23":{"start":{"line":22,"column":16},"end":{"line":22,"column":23}},"24":{"start":{"line":24,"column":16},"end":{"line":25,"column":37}},"25":{"start":{"line":27,"column":16},"end":{"line":27,"column":23}},"26":{"start":{"line":30,"column":28},"end":{"line":30,"column":67}}},"fnMap":{"0":{"name":"_interopRequireDefault","decl":{"start":{"line":5,"column":213},"end":{"line":5,"column":235}},"loc":{"start":{"line":5,"column":241},"end":{"line":5,"column":297}},"line":5},"1":{"name":"login","decl":{"start":{"line":5,"column":306},"end":{"line":5,"column":311}},"loc":{"start":{"line":5,"column":318},"end":{"line":32,"column":1}},"line":5},"2":{"name":"(anonymous_2)","decl":{"start":{"line":8,"column":33},"end":{"line":8,"column":34}},"loc":{"start":{"line":8,"column":60},"end":{"line":31,"column":5}},"line":8},"3":{"name":"(anonymous_3)","decl":{"start":{"line":10,"column":13},"end":{"line":10,"column":14}},"loc":{"start":{"line":10,"column":30},"end":{"line":29,"column":9}},"line":10},"4":{"name":"(anonymous_4)","decl":{"start":{"line":30,"column":14},"end":{"line":30,"column":15}},"loc":{"start":{"line":30,"column":27},"end":{"line":30,"column":68}},"line":30}},"branchMap":{"0":{"loc":{"start":{"line":5,"column":249},"end":{"line":5,"column":295}},"type":"cond-expr","locations":[{"start":{"line":5,"column":273},"end":{"line":5,"column":276}},{"start":{"line":5,"column":279},"end":{"line":5,"column":295}}],"line":5},"1":{"loc":{"start":{"line":5,"column":249},"end":{"line":5,"column":270}},"type":"binary-expr","locations":[{"start":{"line":5,"column":249},"end":{"line":5,"column":252}},{"start":{"line":5,"column":256},"end":{"line":5,"column":270}}],"line":5},"2":{"loc":{"start":{"line":12,"column":12},"end":{"line":15,"column":13}},"type":"if","locations":[{"start":{"line":12,"column":12},"end":{"line":15,"column":13}},{"start":{"line":12,"column":12},"end":{"line":15,"column":13}}],"line":12},"3":{"loc":{"start":{"line":16,"column":12},"end":{"line":28,"column":13}},"type":"if","locations":[{"start":{"line":16,"column":12},"end":{"line":28,"column":13}},{"start":{"line":16,"column":12},"end":{"line":28,"column":13}}],"line":16}},"s":{"0":0,"1":0,"2":0,"3":0,"4":0,"5":0,"6":0,"7":0,"8":0,"9":0,"10":0,"11":0,"12":0,"13":0,"14":0,"15":0,"16":0,"17":0,"18":0,"19":0,"20":0,"21":0,"22":0,"23":0,"24":0,"25":0,"26":0},"f":{"0":0,"1":0,"2":0,"3":0,"4":0},"b":{"0":[0,0],"1":[0,0],"2":[0,0],"3":[0,0]}}
,"C:\\Work\\minxing-vue-mobile-seed\\src\\store\\actions.js": {"path":"C:\\Work\\minxing-vue-mobile-seed\\src\\store\\actions.js","statementMap":{"0":{"start":{"line":1,"column":13},"end":{"line":1,"column":75}},"1":{"start":{"line":1,"column":75},"end":{"line":1,"column":186}},"2":{"start":{"line":1,"column":202},"end":{"line":1,"column":242}},"3":{"start":{"line":1,"column":259},"end":{"line":1,"column":292}},"4":{"start":{"line":1,"column":310},"end":{"line":1,"column":357}},"5":{"start":{"line":1,"column":376},"end":{"line":1,"column":410}},"6":{"start":{"line":1,"column":424},"end":{"line":1,"column":448}},"7":{"start":{"line":2,"column":12},"end":{"line":2,"column":35}},"8":{"start":{"line":3,"column":13},"end":{"line":3,"column":34}},"9":{"start":{"line":3,"column":47},"end":{"line":3,"column":78}},"10":{"start":{"line":3,"column":118},"end":{"line":3,"column":334}},"11":{"start":{"line":3,"column":146},"end":{"line":3,"column":157}},"12":{"start":{"line":3,"column":178},"end":{"line":3,"column":180}},"13":{"start":{"line":3,"column":181},"end":{"line":3,"column":298}},"14":{"start":{"line":3,"column":199},"end":{"line":3,"column":297}},"15":{"start":{"line":3,"column":221},"end":{"line":3,"column":296}},"16":{"start":{"line":3,"column":273},"end":{"line":3,"column":296}},"17":{"start":{"line":3,"column":298},"end":{"line":3,"column":319}},"18":{"start":{"line":3,"column":319},"end":{"line":3,"column":333}},"19":{"start":{"line":3,"column":373},"end":{"line":3,"column":427}},"20":{"start":{"line":4,"column":9},"end":{"line":4,"column":28}},"21":{"start":{"line":5,"column":14},"end":{"line":14,"column":1}},"22":{"start":{"line":8,"column":23},"end":{"line":8,"column":34}},"23":{"start":{"line":8,"column":43},"end":{"line":8,"column":53}},"24":{"start":{"line":9,"column":4},"end":{"line":13,"column":7}},"25":{"start":{"line":11,"column":8},"end":{"line":11,"column":61}},"26":{"start":{"line":12,"column":8},"end":{"line":12,"column":39}},"27":{"start":{"line":16,"column":15},"end":{"line":21,"column":1}},"28":{"start":{"line":18,"column":14},"end":{"line":18,"column":26}},"29":{"start":{"line":19,"column":4},"end":{"line":19,"column":31}},"30":{"start":{"line":20,"column":4},"end":{"line":20,"column":30}},"31":{"start":{"line":24,"column":16},"end":{"line":38,"column":1}},"32":{"start":{"line":28,"column":23},"end":{"line":28,"column":35}},"33":{"start":{"line":28,"column":44},"end":{"line":28,"column":55}},"34":{"start":{"line":28,"column":66},"end":{"line":28,"column":79}},"35":{"start":{"line":29,"column":4},"end":{"line":29,"column":43}},"36":{"start":{"line":30,"column":17},"end":{"line":32,"column":33}},"37":{"start":{"line":34,"column":4},"end":{"line":37,"column":7}},"38":{"start":{"line":36,"column":8},"end":{"line":36,"column":48}},"39":{"start":{"line":41,"column":18},"end":{"line":55,"column":1}},"40":{"start":{"line":45,"column":14},"end":{"line":45,"column":26}},"41":{"start":{"line":45,"column":35},"end":{"line":45,"column":46}},"42":{"start":{"line":45,"column":57},"end":{"line":45,"column":70}},"43":{"start":{"line":46,"column":4},"end":{"line":46,"column":34}},"44":{"start":{"line":47,"column":17},"end":{"line":49,"column":33}},"45":{"start":{"line":51,"column":4},"end":{"line":54,"column":7}},"46":{"start":{"line":53,"column":8},"end":{"line":53,"column":53}},"47":{"start":{"line":58,"column":18},"end":{"line":67,"column":1}},"48":{"start":{"line":62,"column":14},"end":{"line":62,"column":26}},"49":{"start":{"line":62,"column":35},"end":{"line":62,"column":46}},"50":{"start":{"line":62,"column":57},"end":{"line":62,"column":70}},"51":{"start":{"line":62,"column":80},"end":{"line":62,"column":88}},"52":{"start":{"line":63,"column":4},"end":{"line":63,"column":30}},"53":{"start":{"line":64,"column":4},"end":{"line":66,"column":7}},"54":{"start":{"line":65,"column":8},"end":{"line":65,"column":54}}},"fnMap":{"0":{"name":"_interopRequireWildcard","decl":{"start":{"line":3,"column":88},"end":{"line":3,"column":111}},"loc":{"start":{"line":3,"column":117},"end":{"line":3,"column":335}},"line":3},"1":{"name":"_interopRequireDefault","decl":{"start":{"line":3,"column":344},"end":{"line":3,"column":366}},"loc":{"start":{"line":3,"column":372},"end":{"line":3,"column":428}},"line":3},"2":{"name":"loginFn","decl":{"start":{"line":5,"column":41},"end":{"line":5,"column":48}},"loc":{"start":{"line":8,"column":9},"end":{"line":14,"column":1}},"line":8},"3":{"name":"(anonymous_3)","decl":{"start":{"line":10,"column":9},"end":{"line":10,"column":10}},"loc":{"start":{"line":10,"column":25},"end":{"line":13,"column":5}},"line":10},"4":{"name":"logoutFn","decl":{"start":{"line":16,"column":43},"end":{"line":16,"column":51}},"loc":{"start":{"line":18,"column":0},"end":{"line":21,"column":1}},"line":18},"5":{"name":"getListFn","decl":{"start":{"line":24,"column":45},"end":{"line":24,"column":54}},"loc":{"start":{"line":28,"column":9},"end":{"line":38,"column":1}},"line":28},"6":{"name":"(anonymous_6)","decl":{"start":{"line":35,"column":9},"end":{"line":35,"column":10}},"loc":{"start":{"line":35,"column":25},"end":{"line":37,"column":5}},"line":35},"7":{"name":"getMoreList","decl":{"start":{"line":41,"column":49},"end":{"line":41,"column":60}},"loc":{"start":{"line":45,"column":0},"end":{"line":55,"column":1}},"line":45},"8":{"name":"(anonymous_8)","decl":{"start":{"line":52,"column":9},"end":{"line":52,"column":10}},"loc":{"start":{"line":52,"column":25},"end":{"line":54,"column":5}},"line":52},"9":{"name":"getDetailFn","decl":{"start":{"line":58,"column":49},"end":{"line":58,"column":60}},"loc":{"start":{"line":62,"column":0},"end":{"line":67,"column":1}},"line":62},"10":{"name":"(anonymous_10)","decl":{"start":{"line":64,"column":49},"end":{"line":64,"column":50}},"loc":{"start":{"line":64,"column":67},"end":{"line":66,"column":5}},"line":64}},"branchMap":{"0":{"loc":{"start":{"line":3,"column":118},"end":{"line":3,"column":334}},"type":"if","locations":[{"start":{"line":3,"column":118},"end":{"line":3,"column":334}},{"start":{"line":3,"column":118},"end":{"line":3,"column":334}}],"line":3},"1":{"loc":{"start":{"line":3,"column":122},"end":{"line":3,"column":143}},"type":"binary-expr","locations":[{"start":{"line":3,"column":122},"end":{"line":3,"column":125}},{"start":{"line":3,"column":129},"end":{"line":3,"column":143}}],"line":3},"2":{"loc":{"start":{"line":3,"column":181},"end":{"line":3,"column":298}},"type":"if","locations":[{"start":{"line":3,"column":181},"end":{"line":3,"column":298}},{"start":{"line":3,"column":181},"end":{"line":3,"column":298}}],"line":3},"3":{"loc":{"start":{"line":3,"column":221},"end":{"line":3,"column":296}},"type":"if","locations":[{"start":{"line":3,"column":221},"end":{"line":3,"column":296}},{"start":{"line":3,"column":221},"end":{"line":3,"column":296}}],"line":3},"4":{"loc":{"start":{"line":3,"column":380},"end":{"line":3,"column":426}},"type":"cond-expr","locations":[{"start":{"line":3,"column":404},"end":{"line":3,"column":407}},{"start":{"line":3,"column":410},"end":{"line":3,"column":426}}],"line":3},"5":{"loc":{"start":{"line":3,"column":380},"end":{"line":3,"column":401}},"type":"binary-expr","locations":[{"start":{"line":3,"column":380},"end":{"line":3,"column":383}},{"start":{"line":3,"column":387},"end":{"line":3,"column":401}}],"line":3}},"s":{"0":0,"1":0,"2":0,"3":0,"4":0,"5":0,"6":0,"7":0,"8":0,"9":0,"10":0,"11":0,"12":0,"13":0,"14":0,"15":0,"16":0,"17":0,"18":0,"19":0,"20":0,"21":0,"22":0,"23":0,"24":0,"25":0,"26":0,"27":0,"28":0,"29":0,"30":0,"31":0,"32":0,"33":0,"34":0,"35":0,"36":0,"37":0,"38":0,"39":0,"40":0,"41":0,"42":0,"43":0,"44":0,"45":0,"46":0,"47":0,"48":0,"49":0,"50":0,"51":0,"52":0,"53":0,"54":0},"f":{"0":0,"1":0,"2":0,"3":0,"4":0,"5":0,"6":0,"7":0,"8":0,"9":0,"10":0},"b":{"0":[0,0],"1":[0,0],"2":[0,0],"3":[0,0],"4":[0,0],"5":[0,0]}}
,"C:\\Work\\minxing-vue-mobile-seed\\src\\store\\getters.js": {"path":"C:\\Work\\minxing-vue-mobile-seed\\src\\store\\getters.js","statementMap":{"0":{"start":{"line":1,"column":13},"end":{"line":1,"column":75}},"1":{"start":{"line":2,"column":14},"end":{"line":2,"column":76}},"2":{"start":{"line":2,"column":57},"end":{"line":2,"column":75}},"3":{"start":{"line":3,"column":14},"end":{"line":3,"column":76}},"4":{"start":{"line":3,"column":57},"end":{"line":3,"column":75}},"5":{"start":{"line":4,"column":18},"end":{"line":4,"column":97}},"6":{"start":{"line":4,"column":69},"end":{"line":4,"column":96}},"7":{"start":{"line":5,"column":19},"end":{"line":5,"column":101}},"8":{"start":{"line":5,"column":72},"end":{"line":5,"column":100}},"9":{"start":{"line":6,"column":16},"end":{"line":6,"column":93}},"10":{"start":{"line":6,"column":63},"end":{"line":6,"column":92}},"11":{"start":{"line":7,"column":19},"end":{"line":7,"column":105}},"12":{"start":{"line":7,"column":72},"end":{"line":7,"column":104}}},"fnMap":{"0":{"name":"getUser","decl":{"start":{"line":2,"column":41},"end":{"line":2,"column":48}},"loc":{"start":{"line":2,"column":56},"end":{"line":2,"column":76}},"line":2},"1":{"name":"getList","decl":{"start":{"line":3,"column":41},"end":{"line":3,"column":48}},"loc":{"start":{"line":3,"column":56},"end":{"line":3,"column":76}},"line":3},"2":{"name":"getListData","decl":{"start":{"line":4,"column":49},"end":{"line":4,"column":60}},"loc":{"start":{"line":4,"column":68},"end":{"line":4,"column":97}},"line":4},"3":{"name":"getListQuery","decl":{"start":{"line":5,"column":51},"end":{"line":5,"column":63}},"loc":{"start":{"line":5,"column":71},"end":{"line":5,"column":101}},"line":5},"4":{"name":"getDetail","decl":{"start":{"line":6,"column":45},"end":{"line":6,"column":54}},"loc":{"start":{"line":6,"column":62},"end":{"line":6,"column":93}},"line":6},"5":{"name":"getScrollTop","decl":{"start":{"line":7,"column":51},"end":{"line":7,"column":63}},"loc":{"start":{"line":7,"column":71},"end":{"line":7,"column":105}},"line":7}},"branchMap":{},"s":{"0":0,"1":0,"2":0,"3":0,"4":0,"5":0,"6":0,"7":0,"8":0,"9":0,"10":0,"11":0,"12":0},"f":{"0":0,"1":0,"2":0,"3":0,"4":0,"5":0},"b":{}}
,"C:\\Work\\minxing-vue-mobile-seed\\src\\store\\index.js": {"path":"C:\\Work\\minxing-vue-mobile-seed\\src\\store\\index.js","statementMap":{"0":{"start":{"line":1,"column":13},"end":{"line":1,"column":75}},"1":{"start":{"line":1,"column":86},"end":{"line":1,"column":100}},"2":{"start":{"line":1,"column":113},"end":{"line":1,"column":141}},"3":{"start":{"line":2,"column":12},"end":{"line":2,"column":27}},"4":{"start":{"line":2,"column":41},"end":{"line":2,"column":70}},"5":{"start":{"line":3,"column":15},"end":{"line":3,"column":35}},"6":{"start":{"line":3,"column":50},"end":{"line":3,"column":83}},"7":{"start":{"line":4,"column":15},"end":{"line":4,"column":35}},"8":{"start":{"line":4,"column":50},"end":{"line":4,"column":83}},"9":{"start":{"line":5,"column":17},"end":{"line":5,"column":39}},"10":{"start":{"line":5,"column":58},"end":{"line":5,"column":92}},"11":{"start":{"line":6,"column":17},"end":{"line":6,"column":39}},"12":{"start":{"line":6,"column":58},"end":{"line":6,"column":92}},"13":{"start":{"line":6,"column":132},"end":{"line":6,"column":348}},"14":{"start":{"line":6,"column":160},"end":{"line":6,"column":171}},"15":{"start":{"line":6,"column":192},"end":{"line":6,"column":194}},"16":{"start":{"line":6,"column":195},"end":{"line":6,"column":312}},"17":{"start":{"line":6,"column":213},"end":{"line":6,"column":311}},"18":{"start":{"line":6,"column":235},"end":{"line":6,"column":310}},"19":{"start":{"line":6,"column":287},"end":{"line":6,"column":310}},"20":{"start":{"line":6,"column":312},"end":{"line":6,"column":333}},"21":{"start":{"line":6,"column":333},"end":{"line":6,"column":347}},"22":{"start":{"line":6,"column":387},"end":{"line":6,"column":441}},"23":{"start":{"line":9,"column":0},"end":{"line":9,"column":34}},"24":{"start":{"line":11,"column":12},"end":{"line":15,"column":37}},"25":{"start":{"line":15,"column":38},"end":{"line":18,"column":6}}},"fnMap":{"0":{"name":"_interopRequireWildcard","decl":{"start":{"line":6,"column":102},"end":{"line":6,"column":125}},"loc":{"start":{"line":6,"column":131},"end":{"line":6,"column":349}},"line":6},"1":{"name":"_interopRequireDefault","decl":{"start":{"line":6,"column":358},"end":{"line":6,"column":380}},"loc":{"start":{"line":6,"column":386},"end":{"line":6,"column":442}},"line":6}},"branchMap":{"0":{"loc":{"start":{"line":6,"column":132},"end":{"line":6,"column":348}},"type":"if","locations":[{"start":{"line":6,"column":132},"end":{"line":6,"column":348}},{"start":{"line":6,"column":132},"end":{"line":6,"column":348}}],"line":6},"1":{"loc":{"start":{"line":6,"column":136},"end":{"line":6,"column":157}},"type":"binary-expr","locations":[{"start":{"line":6,"column":136},"end":{"line":6,"column":139}},{"start":{"line":6,"column":143},"end":{"line":6,"column":157}}],"line":6},"2":{"loc":{"start":{"line":6,"column":195},"end":{"line":6,"column":312}},"type":"if","locations":[{"start":{"line":6,"column":195},"end":{"line":6,"column":312}},{"start":{"line":6,"column":195},"end":{"line":6,"column":312}}],"line":6},"3":{"loc":{"start":{"line":6,"column":235},"end":{"line":6,"column":310}},"type":"if","locations":[{"start":{"line":6,"column":235},"end":{"line":6,"column":310}},{"start":{"line":6,"column":235},"end":{"line":6,"column":310}}],"line":6},"4":{"loc":{"start":{"line":6,"column":394},"end":{"line":6,"column":440}},"type":"cond-expr","locations":[{"start":{"line":6,"column":418},"end":{"line":6,"column":421}},{"start":{"line":6,"column":424},"end":{"line":6,"column":440}}],"line":6},"5":{"loc":{"start":{"line":6,"column":394},"end":{"line":6,"column":415}},"type":"binary-expr","locations":[{"start":{"line":6,"column":394},"end":{"line":6,"column":397}},{"start":{"line":6,"column":401},"end":{"line":6,"column":415}}],"line":6}},"s":{"0":0,"1":0,"2":0,"3":0,"4":0,"5":0,"6":0,"7":0,"8":0,"9":0,"10":0,"11":0,"12":0,"13":0,"14":0,"15":0,"16":0,"17":0,"18":0,"19":0,"20":0,"21":0,"22":0,"23":0,"24":0,"25":0},"f":{"0":0,"1":0},"b":{"0":[0,0],"1":[0,0],"2":[0,0],"3":[0,0],"4":[0,0],"5":[0,0]}}
,"C:\\Work\\minxing-vue-mobile-seed\\src\\store\\mutations.js": {"path":"C:\\Work\\minxing-vue-mobile-seed\\src\\store\\mutations.js","statementMap":{"0":{"start":{"line":1,"column":13},"end":{"line":1,"column":75}},"1":{"start":{"line":1,"column":98},"end":{"line":1,"column":145}},"2":{"start":{"line":1,"column":169},"end":{"line":1,"column":209}},"3":{"start":{"line":1,"column":236},"end":{"line":1,"column":286}},"4":{"start":{"line":1,"column":313},"end":{"line":1,"column":356}},"5":{"start":{"line":1,"column":373},"end":{"line":1,"column":413}},"6":{"start":{"line":1,"column":430},"end":{"line":1,"column":463}},"7":{"start":{"line":1,"column":503},"end":{"line":1,"column":524}},"8":{"start":{"line":1,"column":537},"end":{"line":1,"column":568}},"9":{"start":{"line":1,"column":608},"end":{"line":1,"column":824}},"10":{"start":{"line":1,"column":636},"end":{"line":1,"column":647}},"11":{"start":{"line":1,"column":668},"end":{"line":1,"column":670}},"12":{"start":{"line":1,"column":671},"end":{"line":1,"column":788}},"13":{"start":{"line":1,"column":689},"end":{"line":1,"column":787}},"14":{"start":{"line":1,"column":711},"end":{"line":1,"column":786}},"15":{"start":{"line":1,"column":763},"end":{"line":1,"column":786}},"16":{"start":{"line":1,"column":788},"end":{"line":1,"column":809}},"17":{"start":{"line":1,"column":809},"end":{"line":1,"column":823}},"18":{"start":{"line":1,"column":863},"end":{"line":1,"column":917}},"19":{"start":{"line":1,"column":918},"end":{"line":62,"column":27}},"20":{"start":{"line":6,"column":4},"end":{"line":6,"column":25}},"21":{"start":{"line":9,"column":4},"end":{"line":9,"column":49}},"22":{"start":{"line":11,"column":58},"end":{"line":11,"column":67}},"23":{"start":{"line":12,"column":4},"end":{"line":20,"column":22}},"24":{"start":{"line":24,"column":4},"end":{"line":26,"column":43}},"25":{"start":{"line":29,"column":53},"end":{"line":29,"column":63}},"26":{"start":{"line":30,"column":15},"end":{"line":30,"column":51}},"27":{"start":{"line":31,"column":4},"end":{"line":34,"column":22}},"28":{"start":{"line":37,"column":58},"end":{"line":37,"column":68}},"29":{"start":{"line":38,"column":15},"end":{"line":38,"column":51}},"30":{"start":{"line":39,"column":4},"end":{"line":42,"column":118}},"31":{"start":{"line":46,"column":4},"end":{"line":48,"column":24}},"32":{"start":{"line":51,"column":57},"end":{"line":51,"column":69}},"33":{"start":{"line":52,"column":4},"end":{"line":54,"column":26}},"34":{"start":{"line":57,"column":64},"end":{"line":57,"column":79}},"35":{"start":{"line":58,"column":4},"end":{"line":60,"column":32}}},"fnMap":{"0":{"name":"_interopRequireWildcard","decl":{"start":{"line":1,"column":578},"end":{"line":1,"column":601}},"loc":{"start":{"line":1,"column":607},"end":{"line":1,"column":825}},"line":1},"1":{"name":"_interopRequireDefault","decl":{"start":{"line":1,"column":834},"end":{"line":1,"column":856}},"loc":{"start":{"line":1,"column":862},"end":{"line":1,"column":918}},"line":1},"2":{"name":"(anonymous_2)","decl":{"start":{"line":5,"column":18},"end":{"line":5,"column":19}},"loc":{"start":{"line":5,"column":44},"end":{"line":7,"column":1}},"line":5},"3":{"name":"(anonymous_3)","decl":{"start":{"line":8,"column":19},"end":{"line":8,"column":20}},"loc":{"start":{"line":8,"column":36},"end":{"line":10,"column":1}},"line":8},"4":{"name":"(anonymous_4)","decl":{"start":{"line":11,"column":23},"end":{"line":11,"column":24}},"loc":{"start":{"line":11,"column":46},"end":{"line":22,"column":1}},"line":11},"5":{"name":"(anonymous_5)","decl":{"start":{"line":23,"column":23},"end":{"line":23,"column":24}},"loc":{"start":{"line":23,"column":40},"end":{"line":28,"column":1}},"line":23},"6":{"name":"(anonymous_6)","decl":{"start":{"line":29,"column":17},"end":{"line":29,"column":18}},"loc":{"start":{"line":29,"column":41},"end":{"line":36,"column":1}},"line":29},"7":{"name":"(anonymous_7)","decl":{"start":{"line":37,"column":22},"end":{"line":37,"column":23}},"loc":{"start":{"line":37,"column":46},"end":{"line":44,"column":1}},"line":37},"8":{"name":"(anonymous_8)","decl":{"start":{"line":45,"column":19},"end":{"line":45,"column":20}},"loc":{"start":{"line":45,"column":36},"end":{"line":50,"column":1}},"line":45},"9":{"name":"(anonymous_9)","decl":{"start":{"line":51,"column":19},"end":{"line":51,"column":20}},"loc":{"start":{"line":51,"column":43},"end":{"line":56,"column":1}},"line":51},"10":{"name":"(anonymous_10)","decl":{"start":{"line":57,"column":23},"end":{"line":57,"column":24}},"loc":{"start":{"line":57,"column":47},"end":{"line":62,"column":1}},"line":57}},"branchMap":{"0":{"loc":{"start":{"line":1,"column":608},"end":{"line":1,"column":824}},"type":"if","locations":[{"start":{"line":1,"column":608},"end":{"line":1,"column":824}},{"start":{"line":1,"column":608},"end":{"line":1,"column":824}}],"line":1},"1":{"loc":{"start":{"line":1,"column":612},"end":{"line":1,"column":633}},"type":"binary-expr","locations":[{"start":{"line":1,"column":612},"end":{"line":1,"column":615}},{"start":{"line":1,"column":619},"end":{"line":1,"column":633}}],"line":1},"2":{"loc":{"start":{"line":1,"column":671},"end":{"line":1,"column":788}},"type":"if","locations":[{"start":{"line":1,"column":671},"end":{"line":1,"column":788}},{"start":{"line":1,"column":671},"end":{"line":1,"column":788}}],"line":1},"3":{"loc":{"start":{"line":1,"column":711},"end":{"line":1,"column":786}},"type":"if","locations":[{"start":{"line":1,"column":711},"end":{"line":1,"column":786}},{"start":{"line":1,"column":711},"end":{"line":1,"column":786}}],"line":1},"4":{"loc":{"start":{"line":1,"column":870},"end":{"line":1,"column":916}},"type":"cond-expr","locations":[{"start":{"line":1,"column":894},"end":{"line":1,"column":897}},{"start":{"line":1,"column":900},"end":{"line":1,"column":916}}],"line":1},"5":{"loc":{"start":{"line":1,"column":870},"end":{"line":1,"column":891}},"type":"binary-expr","locations":[{"start":{"line":1,"column":870},"end":{"line":1,"column":873}},{"start":{"line":1,"column":877},"end":{"line":1,"column":891}}],"line":1}},"s":{"0":0,"1":0,"2":0,"3":0,"4":0,"5":0,"6":0,"7":0,"8":0,"9":0,"10":0,"11":0,"12":0,"13":0,"14":0,"15":0,"16":0,"17":0,"18":0,"19":0,"20":0,"21":0,"22":0,"23":0,"24":0,"25":0,"26":0,"27":0,"28":0,"29":0,"30":0,"31":0,"32":0,"33":0,"34":0,"35":0},"f":{"0":0,"1":0,"2":0,"3":0,"4":0,"5":0,"6":0,"7":0,"8":0,"9":0,"10":0},"b":{"0":[0,0],"1":[0,0],"2":[0,0],"3":[0,0],"4":[0,0],"5":[0,0]}}
,"C:\\Work\\minxing-vue-mobile-seed\\src\\store\\rootState.js": {"path":"C:\\Work\\minxing-vue-mobile-seed\\src\\store\\rootState.js","statementMap":{"0":{"start":{"line":1,"column":13},"end":{"line":1,"column":75}},"1":{"start":{"line":1,"column":87},"end":{"line":22,"column":1}},"2":{"start":{"line":22,"column":2},"end":{"line":24,"column":1}},"3":{"start":{"line":23,"column":4},"end":{"line":23,"column":66}},"4":{"start":{"line":24,"column":1},"end":{"line":26,"column":6}}},"fnMap":{},"branchMap":{"0":{"loc":{"start":{"line":22,"column":2},"end":{"line":24,"column":1}},"type":"if","locations":[{"start":{"line":22,"column":2},"end":{"line":24,"column":1}},{"start":{"line":22,"column":2},"end":{"line":24,"column":1}}],"line":22}},"s":{"0":0,"1":0,"2":0,"3":0,"4":0},"f":{},"b":{"0":[0,0]}}
,"C:\\Work\\minxing-vue-mobile-seed\\src\\store\\types.js": {"path":"C:\\Work\\minxing-vue-mobile-seed\\src\\store\\types.js","statementMap":{"0":{"start":{"line":1,"column":13},"end":{"line":1,"column":75}},"1":{"start":{"line":1,"column":92},"end":{"line":1,"column":125}},"2":{"start":{"line":2,"column":18},"end":{"line":2,"column":53}},"3":{"start":{"line":3,"column":22},"end":{"line":3,"column":65}},"4":{"start":{"line":4,"column":22},"end":{"line":4,"column":65}},"5":{"start":{"line":5,"column":16},"end":{"line":5,"column":47}},"6":{"start":{"line":6,"column":21},"end":{"line":6,"column":62}},"7":{"start":{"line":7,"column":18},"end":{"line":7,"column":53}},"8":{"start":{"line":8,"column":18},"end":{"line":8,"column":53}},"9":{"start":{"line":9,"column":22},"end":{"line":9,"column":65}}},"fnMap":{},"branchMap":{},"s":{"0":0,"1":0,"2":0,"3":0,"4":0,"5":0,"6":0,"7":0,"8":0,"9":0},"f":{},"b":{}}
}
