TN:
SF:C:\Work\minxing-vue-mobile-seed\src\App.vue
FN:1,(anonymous_0)
FN:48,data
FN:60,onShowModeChange
FN:64,(anonymous_3)
FN:68,onPlacementChange
FN:72,(anonymous_5)
FN:76,onShowMenuClick
FN:79,handler
FN:85,scrollTopInit
FN:90,logOut
FN:97,leftOptions
FN:122,rightOptions
FN:134,mounted
FN:137,$route
FN:141,(anonymous_14)
FN:163,render
FN:163,(anonymous_16)
FN:163,(anonymous_17)
FN:163,(anonymous_18)
FN:163,(anonymous_19)
FN:163,(anonymous_20)
FNF:21
FNH:0
FNDA:0,(anonymous_0)
FNDA:0,data
FNDA:0,onShowModeChange
FNDA:0,(anonymous_3)
FNDA:0,onPlacementChange
FNDA:0,(anonymous_5)
FNDA:0,onShowMenuClick
FNDA:0,handler
FNDA:0,scrollTopInit
FNDA:0,logOut
FNDA:0,leftOptions
FNDA:0,rightOptions
FNDA:0,mounted
FNDA:0,$route
FNDA:0,(anonymous_14)
FNDA:0,render
FNDA:0,(anonymous_16)
FNDA:0,(anonymous_17)
FNDA:0,(anonymous_18)
FNDA:0,(anonymous_19)
FNDA:0,(anonymous_20)
DA:1,0
DA:4,0
DA:8,0
DA:10,0
DA:38,0
DA:49,0
DA:61,0
DA:63,0
DA:64,0
DA:65,0
DA:69,0
DA:71,0
DA:72,0
DA:73,0
DA:77,0
DA:80,0
DA:81,0
DA:86,0
DA:91,0
DA:92,0
DA:93,0
DA:98,0
DA:99,0
DA:100,0
DA:102,0
DA:103,0
DA:104,0
DA:106,0
DA:107,0
DA:108,0
DA:110,0
DA:111,0
DA:112,0
DA:114,0
DA:115,0
DA:116,0
DA:118,0
DA:119,0
DA:123,0
DA:124,0
DA:125,0
DA:127,0
DA:128,0
DA:130,0
DA:138,0
DA:140,0
DA:141,0
DA:142,0
DA:143,0
DA:144,0
DA:146,0
DA:148,0
DA:149,0
DA:150,0
DA:151,0
DA:155,0
DA:161,0
DA:162,0
DA:163,0
DA:164,0
LF:60
LH:0
BRDA:100,0,0,0
BRDA:100,0,1,0
BRDA:100,0,2,0
BRDA:100,0,3,0
BRDA:100,0,4,0
BRDA:125,1,0,0
BRDA:125,1,1,0
BRDA:140,2,0,0
BRDA:140,2,1,0
BRDA:142,3,0,0
BRDA:142,3,1,0
BRDA:149,4,0,0
BRDA:149,4,1,0
BRDA:155,5,0,0
BRDA:155,5,1,0
BRDA:161,6,0,0
BRDA:161,6,1,0
BRDA:162,7,0,0
BRDA:162,7,1,0
BRDA:163,8,0,0
BRDA:163,8,1,0
BRF:21
BRH:0
end_of_record
TN:
SF:C:\Work\minxing-vue-mobile-seed\src\components\Detail.vue
FN:1,(anonymous_0)
FN:32,data
FN:37,detail
FN:41,created
FN:47,(anonymous_4)
FN:55,render
FNF:6
FNH:0
FNDA:0,(anonymous_0)
FNDA:0,data
FNDA:0,detail
FNDA:0,created
FNDA:0,(anonymous_4)
FNDA:0,render
DA:1,0
DA:4,0
DA:8,0
DA:10,0
DA:23,0
DA:33,0
DA:38,0
DA:42,0
DA:43,0
DA:44,0
DA:47,0
DA:48,0
DA:53,0
DA:54,0
DA:55,0
DA:56,0
LF:16
LH:0
BRDA:53,0,0,0
BRDA:53,0,1,0
BRDA:54,1,0,0
BRDA:54,1,1,0
BRDA:55,2,0,0
BRDA:55,2,1,0
BRDA:55,3,0,0
BRDA:55,3,1,0
BRDA:55,4,0,0
BRDA:55,4,1,0
BRF:10
BRH:0
end_of_record
TN:
SF:C:\Work\minxing-vue-mobile-seed\src\components\List.vue
FN:1,(anonymous_0)
FN:20,_interopRequireWildcard
FN:22,_interopRequireDefault
FN:29,data
FN:38,checkDetail
FN:42,loadMore
FN:46,(anonymous_6)
FN:56,titile
FN:75,tip
FN:82,created
FN:96,render
FNF:11
FNH:0
FNDA:0,(anonymous_0)
FNDA:0,_interopRequireWildcard
FNDA:0,_interopRequireDefault
FNDA:0,data
FNDA:0,checkDetail
FNDA:0,loadMore
FNDA:0,(anonymous_6)
FNDA:0,titile
FNDA:0,tip
FNDA:0,created
FNDA:0,render
DA:1,0
DA:4,0
DA:8,0
DA:10,0
DA:12,0
DA:14,0
DA:16,0
DA:18,0
DA:20,0
DA:22,0
DA:24,0
DA:30,0
DA:31,0
DA:39,0
DA:40,0
DA:43,0
DA:44,0
DA:45,0
DA:46,0
DA:47,0
DA:57,0
DA:58,0
DA:60,0
DA:61,0
DA:63,0
DA:64,0
DA:66,0
DA:67,0
DA:69,0
DA:70,0
DA:72,0
DA:76,0
DA:77,0
DA:79,0
DA:83,0
DA:94,0
DA:95,0
DA:96,0
DA:97,0
LF:39
LH:0
BRDA:20,0,0,0
BRDA:20,0,1,0
BRDA:20,1,0,0
BRDA:20,1,1,0
BRDA:20,2,0,0
BRDA:20,2,1,0
BRDA:20,3,0,0
BRDA:20,3,1,0
BRDA:22,4,0,0
BRDA:22,4,1,0
BRDA:22,5,0,0
BRDA:22,5,1,0
BRDA:44,6,0,0
BRDA:44,6,1,0
BRDA:44,7,0,0
BRDA:44,7,1,0
BRDA:58,8,0,0
BRDA:58,8,1,0
BRDA:58,8,2,0
BRDA:58,8,3,0
BRDA:58,8,4,0
BRDA:76,9,0,0
BRDA:76,9,1,0
BRDA:79,10,0,0
BRDA:79,10,1,0
BRDA:94,11,0,0
BRDA:94,11,1,0
BRDA:95,12,0,0
BRDA:95,12,1,0
BRDA:96,13,0,0
BRDA:96,13,1,0
BRF:31
BRH:0
end_of_record
TN:
SF:C:\Work\minxing-vue-mobile-seed\src\components\Query.vue
FN:1,(anonymous_0)
FN:16,data
FN:37,query
FN:57,render
FN:57,(anonymous_4)
FN:57,(anonymous_5)
FNF:6
FNH:0
FNDA:0,(anonymous_0)
FNDA:0,data
FNDA:0,query
FNDA:0,render
FNDA:0,(anonymous_4)
FNDA:0,(anonymous_5)
DA:1,0
DA:4,0
DA:8,0
DA:10,0
DA:17,0
DA:38,0
DA:39,0
DA:42,0
DA:55,0
DA:56,0
DA:57,0
DA:58,0
LF:12
LH:0
BRDA:55,0,0,0
BRDA:55,0,1,0
BRDA:56,1,0,0
BRDA:56,1,1,0
BRDA:57,2,0,0
BRDA:57,2,1,0
BRF:6
BRH:0
end_of_record
TN:
SF:C:\Work\minxing-vue-mobile-seed\src\config\index.js
FNF:0
FNH:0
DA:1,0
LF:1
LH:0
BRF:0
BRH:0
end_of_record
TN:
SF:C:\Work\minxing-vue-mobile-seed\src\http\index.js
FN:4,_interopRequireDefault
FNF:1
FNH:0
FNDA:0,_interopRequireDefault
DA:1,0
DA:2,0
DA:3,0
DA:4,0
DA:6,0
DA:41,0
LF:6
LH:0
BRDA:4,0,0,0
BRDA:4,0,1,0
BRDA:4,1,0,0
BRDA:4,1,1,0
BRF:4
BRH:0
end_of_record
TN:
SF:C:\Work\minxing-vue-mobile-seed\src\http\list.js
FN:35,_interopRequireDefault
FN:35,getList
FN:35,(anonymous_2)
FN:35,(anonymous_3)
FN:35,(anonymous_4)
FN:35,getDetail
FN:38,(anonymous_6)
FN:39,(anonymous_7)
FN:41,(anonymous_8)
FN:42,(anonymous_9)
FNF:10
FNH:0
FNDA:0,_interopRequireDefault
FNDA:0,getList
FNDA:0,(anonymous_2)
FNDA:0,(anonymous_3)
FNDA:0,(anonymous_4)
FNDA:0,getDetail
FNDA:0,(anonymous_6)
FNDA:0,(anonymous_7)
FNDA:0,(anonymous_8)
FNDA:0,(anonymous_9)
DA:1,0
DA:7,0
DA:35,0
DA:36,0
DA:37,0
DA:38,0
DA:39,0
DA:40,0
DA:41,0
DA:42,0
DA:43,0
LF:11
LH:0
BRDA:35,0,0,0
BRDA:35,0,1,0
BRDA:35,1,0,0
BRDA:35,1,1,0
BRDA:35,2,0,0
BRDA:35,2,1,0
BRF:6
BRH:0
end_of_record
TN:
SF:C:\Work\minxing-vue-mobile-seed\src\http\login.js
FN:5,_interopRequireDefault
FN:5,login
FN:8,(anonymous_2)
FN:10,(anonymous_3)
FN:30,(anonymous_4)
FNF:5
FNH:0
FNDA:0,_interopRequireDefault
FNDA:0,login
FNDA:0,(anonymous_2)
FNDA:0,(anonymous_3)
FNDA:0,(anonymous_4)
DA:1,0
DA:5,0
DA:6,0
DA:7,0
DA:8,0
DA:9,0
DA:10,0
DA:11,0
DA:12,0
DA:13,0
DA:14,0
DA:16,0
DA:17,0
DA:22,0
DA:24,0
DA:27,0
DA:30,0
LF:17
LH:0
BRDA:5,0,0,0
BRDA:5,0,1,0
BRDA:5,1,0,0
BRDA:5,1,1,0
BRDA:12,2,0,0
BRDA:12,2,1,0
BRDA:16,3,0,0
BRDA:16,3,1,0
BRF:8
BRH:0
end_of_record
TN:
SF:C:\Work\minxing-vue-mobile-seed\src\store\actions.js
FN:3,_interopRequireWildcard
FN:3,_interopRequireDefault
FN:5,loginFn
FN:10,(anonymous_3)
FN:16,logoutFn
FN:24,getListFn
FN:35,(anonymous_6)
FN:41,getMoreList
FN:52,(anonymous_8)
FN:58,getDetailFn
FN:64,(anonymous_10)
FNF:11
FNH:0
FNDA:0,_interopRequireWildcard
FNDA:0,_interopRequireDefault
FNDA:0,loginFn
FNDA:0,(anonymous_3)
FNDA:0,logoutFn
FNDA:0,getListFn
FNDA:0,(anonymous_6)
FNDA:0,getMoreList
FNDA:0,(anonymous_8)
FNDA:0,getDetailFn
FNDA:0,(anonymous_10)
DA:1,0
DA:2,0
DA:3,0
DA:4,0
DA:5,0
DA:8,0
DA:9,0
DA:11,0
DA:12,0
DA:16,0
DA:18,0
DA:19,0
DA:20,0
DA:24,0
DA:28,0
DA:29,0
DA:30,0
DA:34,0
DA:36,0
DA:41,0
DA:45,0
DA:46,0
DA:47,0
DA:51,0
DA:53,0
DA:58,0
DA:62,0
DA:63,0
DA:64,0
DA:65,0
LF:30
LH:0
BRDA:3,0,0,0
BRDA:3,0,1,0
BRDA:3,1,0,0
BRDA:3,1,1,0
BRDA:3,2,0,0
BRDA:3,2,1,0
BRDA:3,3,0,0
BRDA:3,3,1,0
BRDA:3,4,0,0
BRDA:3,4,1,0
BRDA:3,5,0,0
BRDA:3,5,1,0
BRF:12
BRH:0
end_of_record
TN:
SF:C:\Work\minxing-vue-mobile-seed\src\store\getters.js
FN:2,getUser
FN:3,getList
FN:4,getListData
FN:5,getListQuery
FN:6,getDetail
FN:7,getScrollTop
FNF:6
FNH:0
FNDA:0,getUser
FNDA:0,getList
FNDA:0,getListData
FNDA:0,getListQuery
FNDA:0,getDetail
FNDA:0,getScrollTop
DA:1,0
DA:2,0
DA:3,0
DA:4,0
DA:5,0
DA:6,0
DA:7,0
LF:7
LH:0
BRF:0
BRH:0
end_of_record
TN:
SF:C:\Work\minxing-vue-mobile-seed\src\store\index.js
FN:6,_interopRequireWildcard
FN:6,_interopRequireDefault
FNF:2
FNH:0
FNDA:0,_interopRequireWildcard
FNDA:0,_interopRequireDefault
DA:1,0
DA:2,0
DA:3,0
DA:4,0
DA:5,0
DA:6,0
DA:9,0
DA:11,0
DA:15,0
LF:9
LH:0
BRDA:6,0,0,0
BRDA:6,0,1,0
BRDA:6,1,0,0
BRDA:6,1,1,0
BRDA:6,2,0,0
BRDA:6,2,1,0
BRDA:6,3,0,0
BRDA:6,3,1,0
BRDA:6,4,0,0
BRDA:6,4,1,0
BRDA:6,5,0,0
BRDA:6,5,1,0
BRF:12
BRH:0
end_of_record
TN:
SF:C:\Work\minxing-vue-mobile-seed\src\store\mutations.js
FN:1,_interopRequireWildcard
FN:1,_interopRequireDefault
FN:5,(anonymous_2)
FN:8,(anonymous_3)
FN:11,(anonymous_4)
FN:23,(anonymous_5)
FN:29,(anonymous_6)
FN:37,(anonymous_7)
FN:45,(anonymous_8)
FN:51,(anonymous_9)
FN:57,(anonymous_10)
FNF:11
FNH:0
FNDA:0,_interopRequireWildcard
FNDA:0,_interopRequireDefault
FNDA:0,(anonymous_2)
FNDA:0,(anonymous_3)
FNDA:0,(anonymous_4)
FNDA:0,(anonymous_5)
FNDA:0,(anonymous_6)
FNDA:0,(anonymous_7)
FNDA:0,(anonymous_8)
FNDA:0,(anonymous_9)
FNDA:0,(anonymous_10)
DA:1,0
DA:6,0
DA:9,0
DA:11,0
DA:12,0
DA:24,0
DA:29,0
DA:30,0
DA:31,0
DA:37,0
DA:38,0
DA:39,0
DA:46,0
DA:51,0
DA:52,0
DA:57,0
DA:58,0
LF:17
LH:0
BRDA:1,0,0,0
BRDA:1,0,1,0
BRDA:1,1,0,0
BRDA:1,1,1,0
BRDA:1,2,0,0
BRDA:1,2,1,0
BRDA:1,3,0,0
BRDA:1,3,1,0
BRDA:1,4,0,0
BRDA:1,4,1,0
BRDA:1,5,0,0
BRDA:1,5,1,0
BRF:12
BRH:0
end_of_record
TN:
SF:C:\Work\minxing-vue-mobile-seed\src\store\rootState.js
FNF:0
FNH:0
DA:1,0
DA:22,0
DA:23,0
DA:24,0
LF:4
LH:0
BRDA:22,0,0,0
BRDA:22,0,1,0
BRF:2
BRH:0
end_of_record
TN:
SF:C:\Work\minxing-vue-mobile-seed\src\store\types.js
FNF:0
FNH:0
DA:1,0
DA:2,0
DA:3,0
DA:4,0
DA:5,0
DA:6,0
DA:7,0
DA:8,0
DA:9,0
LF:9
LH:0
BRF:0
BRH:0
end_of_record
